INFO: [VRFC 10-2263] Analyzing Verilog file "C:/Users/Sach/FPGA_PROJ/EDGE_AI_HACKATHON/EDGE_AI_HACKATHON.sim/sim_1/impl/func/xsim/tb_basys3_top_func_impl.v" into library xil_defaultlib
INFO: [VRFC 10-311] analyzing module ad8232_sampler
INFO: [VRFC 10-311] analyzing module basys3_top
INFO: [VRFC 10-311] analyzing module classifier
INFO: [VRFC 10-311] analyzing module controller_fsm
INFO: [VRFC 10-311] analyzing module conv1d_engine
INFO: [VRFC 10-311] analyzing module dual_port_ram
INFO: [VRFC 10-311] analyzing module pe_mac
INFO: [VRFC 10-311] analyzing module pe_mac_0
INFO: [VRFC 10-311] analyzing module pe_mac_1
INFO: [VRFC 10-311] analyzing module pe_mac_10
INFO: [VRFC 10-311] analyzing module pe_mac_100
INFO: [VRFC 10-311] analyzing module pe_mac_101
INFO: [VRFC 10-311] analyzing module pe_mac_102
INFO: [VRFC 10-311] analyzing module pe_mac_103
INFO: [VRFC 10-311] analyzing module pe_mac_104
INFO: [VRFC 10-311] analyzing module pe_mac_105
INFO: [VRFC 10-311] analyzing module pe_mac_106
INFO: [VRFC 10-311] analyzing module pe_mac_107
INFO: [VRFC 10-311] analyzing module pe_mac_108
INFO: [VRFC 10-311] analyzing module pe_mac_109
INFO: [VRFC 10-311] analyzing module pe_mac_11
INFO: [VRFC 10-311] analyzing module pe_mac_110
INFO: [VRFC 10-311] analyzing module pe_mac_111
INFO: [VRFC 10-311] analyzing module pe_mac_112
INFO: [VRFC 10-311] analyzing module pe_mac_113
INFO: [VRFC 10-311] analyzing module pe_mac_114
INFO: [VRFC 10-311] analyzing module pe_mac_115
INFO: [VRFC 10-311] analyzing module pe_mac_116
INFO: [VRFC 10-311] analyzing module pe_mac_117
INFO: [VRFC 10-311] analyzing module pe_mac_118
INFO: [VRFC 10-311] analyzing module pe_mac_119
INFO: [VRFC 10-311] analyzing module pe_mac_12
INFO: [VRFC 10-311] analyzing module pe_mac_120
INFO: [VRFC 10-311] analyzing module pe_mac_121
INFO: [VRFC 10-311] analyzing module pe_mac_122
INFO: [VRFC 10-311] analyzing module pe_mac_123
INFO: [VRFC 10-311] analyzing module pe_mac_124
INFO: [VRFC 10-311] analyzing module pe_mac_125
INFO: [VRFC 10-311] analyzing module pe_mac_126
INFO: [VRFC 10-311] analyzing module pe_mac_127
INFO: [VRFC 10-311] analyzing module pe_mac_128
INFO: [VRFC 10-311] analyzing module pe_mac_129
INFO: [VRFC 10-311] analyzing module pe_mac_13
INFO: [VRFC 10-311] analyzing module pe_mac_130
INFO: [VRFC 10-311] analyzing module pe_mac_131
INFO: [VRFC 10-311] analyzing module pe_mac_132
INFO: [VRFC 10-311] analyzing module pe_mac_133
INFO: [VRFC 10-311] analyzing module pe_mac_134
INFO: [VRFC 10-311] analyzing module pe_mac_135
INFO: [VRFC 10-311] analyzing module pe_mac_136
INFO: [VRFC 10-311] analyzing module pe_mac_137
INFO: [VRFC 10-311] analyzing module pe_mac_138
INFO: [VRFC 10-311] analyzing module pe_mac_139
INFO: [VRFC 10-311] analyzing module pe_mac_14
INFO: [VRFC 10-311] analyzing module pe_mac_140
INFO: [VRFC 10-311] analyzing module pe_mac_141
INFO: [VRFC 10-311] analyzing module pe_mac_142
INFO: [VRFC 10-311] analyzing module pe_mac_143
INFO: [VRFC 10-311] analyzing module pe_mac_144
INFO: [VRFC 10-311] analyzing module pe_mac_145
INFO: [VRFC 10-311] analyzing module pe_mac_146
INFO: [VRFC 10-311] analyzing module pe_mac_147
INFO: [VRFC 10-311] analyzing module pe_mac_148
INFO: [VRFC 10-311] analyzing module pe_mac_149
INFO: [VRFC 10-311] analyzing module pe_mac_15
INFO: [VRFC 10-311] analyzing module pe_mac_150
INFO: [VRFC 10-311] analyzing module pe_mac_151
INFO: [VRFC 10-311] analyzing module pe_mac_152
INFO: [VRFC 10-311] analyzing module pe_mac_153
INFO: [VRFC 10-311] analyzing module pe_mac_154
INFO: [VRFC 10-311] analyzing module pe_mac_155
INFO: [VRFC 10-311] analyzing module pe_mac_156
INFO: [VRFC 10-311] analyzing module pe_mac_157
INFO: [VRFC 10-311] analyzing module pe_mac_158
INFO: [VRFC 10-311] analyzing module pe_mac_159
INFO: [VRFC 10-311] analyzing module pe_mac_16
INFO: [VRFC 10-311] analyzing module pe_mac_160
INFO: [VRFC 10-311] analyzing module pe_mac_161
INFO: [VRFC 10-311] analyzing module pe_mac_162
INFO: [VRFC 10-311] analyzing module pe_mac_163
INFO: [VRFC 10-311] analyzing module pe_mac_164
INFO: [VRFC 10-311] analyzing module pe_mac_165
INFO: [VRFC 10-311] analyzing module pe_mac_166
INFO: [VRFC 10-311] analyzing module pe_mac_167
INFO: [VRFC 10-311] analyzing module pe_mac_168
INFO: [VRFC 10-311] analyzing module pe_mac_169
INFO: [VRFC 10-311] analyzing module pe_mac_17
INFO: [VRFC 10-311] analyzing module pe_mac_170
INFO: [VRFC 10-311] analyzing module pe_mac_171
INFO: [VRFC 10-311] analyzing module pe_mac_172
INFO: [VRFC 10-311] analyzing module pe_mac_173
INFO: [VRFC 10-311] analyzing module pe_mac_174
INFO: [VRFC 10-311] analyzing module pe_mac_175
INFO: [VRFC 10-311] analyzing module pe_mac_176
INFO: [VRFC 10-311] analyzing module pe_mac_177
INFO: [VRFC 10-311] analyzing module pe_mac_178
INFO: [VRFC 10-311] analyzing module pe_mac_179
INFO: [VRFC 10-311] analyzing module pe_mac_18
INFO: [VRFC 10-311] analyzing module pe_mac_180
INFO: [VRFC 10-311] analyzing module pe_mac_181
INFO: [VRFC 10-311] analyzing module pe_mac_182
INFO: [VRFC 10-311] analyzing module pe_mac_183
INFO: [VRFC 10-311] analyzing module pe_mac_184
INFO: [VRFC 10-311] analyzing module pe_mac_185
INFO: [VRFC 10-311] analyzing module pe_mac_186
INFO: [VRFC 10-311] analyzing module pe_mac_187
INFO: [VRFC 10-311] analyzing module pe_mac_188
INFO: [VRFC 10-311] analyzing module pe_mac_189
INFO: [VRFC 10-311] analyzing module pe_mac_19
INFO: [VRFC 10-311] analyzing module pe_mac_190
INFO: [VRFC 10-311] analyzing module pe_mac_191
INFO: [VRFC 10-311] analyzing module pe_mac_192
INFO: [VRFC 10-311] analyzing module pe_mac_193
INFO: [VRFC 10-311] analyzing module pe_mac_194
INFO: [VRFC 10-311] analyzing module pe_mac_195
INFO: [VRFC 10-311] analyzing module pe_mac_196
INFO: [VRFC 10-311] analyzing module pe_mac_197
INFO: [VRFC 10-311] analyzing module pe_mac_198
INFO: [VRFC 10-311] analyzing module pe_mac_199
INFO: [VRFC 10-311] analyzing module pe_mac_2
INFO: [VRFC 10-311] analyzing module pe_mac_20
INFO: [VRFC 10-311] analyzing module pe_mac_200
INFO: [VRFC 10-311] analyzing module pe_mac_201
INFO: [VRFC 10-311] analyzing module pe_mac_202
INFO: [VRFC 10-311] analyzing module pe_mac_203
INFO: [VRFC 10-311] analyzing module pe_mac_204
INFO: [VRFC 10-311] analyzing module pe_mac_205
INFO: [VRFC 10-311] analyzing module pe_mac_206
INFO: [VRFC 10-311] analyzing module pe_mac_207
INFO: [VRFC 10-311] analyzing module pe_mac_208
INFO: [VRFC 10-311] analyzing module pe_mac_209
INFO: [VRFC 10-311] analyzing module pe_mac_21
INFO: [VRFC 10-311] analyzing module pe_mac_210
INFO: [VRFC 10-311] analyzing module pe_mac_211
INFO: [VRFC 10-311] analyzing module pe_mac_212
INFO: [VRFC 10-311] analyzing module pe_mac_213
INFO: [VRFC 10-311] analyzing module pe_mac_214
INFO: [VRFC 10-311] analyzing module pe_mac_215
INFO: [VRFC 10-311] analyzing module pe_mac_216
INFO: [VRFC 10-311] analyzing module pe_mac_217
INFO: [VRFC 10-311] analyzing module pe_mac_218
INFO: [VRFC 10-311] analyzing module pe_mac_219
INFO: [VRFC 10-311] analyzing module pe_mac_22
INFO: [VRFC 10-311] analyzing module pe_mac_220
INFO: [VRFC 10-311] analyzing module pe_mac_221
INFO: [VRFC 10-311] analyzing module pe_mac_222
INFO: [VRFC 10-311] analyzing module pe_mac_23
INFO: [VRFC 10-311] analyzing module pe_mac_24
INFO: [VRFC 10-311] analyzing module pe_mac_25
INFO: [VRFC 10-311] analyzing module pe_mac_26
INFO: [VRFC 10-311] analyzing module pe_mac_27
INFO: [VRFC 10-311] analyzing module pe_mac_28
INFO: [VRFC 10-311] analyzing module pe_mac_29
INFO: [VRFC 10-311] analyzing module pe_mac_3
INFO: [VRFC 10-311] analyzing module pe_mac_30
INFO: [VRFC 10-311] analyzing module pe_mac_31
INFO: [VRFC 10-311] analyzing module pe_mac_32
INFO: [VRFC 10-311] analyzing module pe_mac_33
INFO: [VRFC 10-311] analyzing module pe_mac_34
INFO: [VRFC 10-311] analyzing module pe_mac_35
INFO: [VRFC 10-311] analyzing module pe_mac_36
INFO: [VRFC 10-311] analyzing module pe_mac_37
INFO: [VRFC 10-311] analyzing module pe_mac_38
INFO: [VRFC 10-311] analyzing module pe_mac_39
INFO: [VRFC 10-311] analyzing module pe_mac_4
INFO: [VRFC 10-311] analyzing module pe_mac_40
INFO: [VRFC 10-311] analyzing module pe_mac_41
INFO: [VRFC 10-311] analyzing module pe_mac_42
INFO: [VRFC 10-311] analyzing module pe_mac_43
INFO: [VRFC 10-311] analyzing module pe_mac_44
INFO: [VRFC 10-311] analyzing module pe_mac_45
INFO: [VRFC 10-311] analyzing module pe_mac_46
INFO: [VRFC 10-311] analyzing module pe_mac_47
INFO: [VRFC 10-311] analyzing module pe_mac_48
INFO: [VRFC 10-311] analyzing module pe_mac_49
INFO: [VRFC 10-311] analyzing module pe_mac_5
INFO: [VRFC 10-311] analyzing module pe_mac_50
INFO: [VRFC 10-311] analyzing module pe_mac_51
INFO: [VRFC 10-311] analyzing module pe_mac_52
INFO: [VRFC 10-311] analyzing module pe_mac_53
INFO: [VRFC 10-311] analyzing module pe_mac_54
INFO: [VRFC 10-311] analyzing module pe_mac_55
INFO: [VRFC 10-311] analyzing module pe_mac_56
INFO: [VRFC 10-311] analyzing module pe_mac_57
INFO: [VRFC 10-311] analyzing module pe_mac_58
INFO: [VRFC 10-311] analyzing module pe_mac_59
INFO: [VRFC 10-311] analyzing module pe_mac_6
INFO: [VRFC 10-311] analyzing module pe_mac_60
INFO: [VRFC 10-311] analyzing module pe_mac_61
INFO: [VRFC 10-311] analyzing module pe_mac_62
INFO: [VRFC 10-311] analyzing module pe_mac_63
INFO: [VRFC 10-311] analyzing module pe_mac_64
INFO: [VRFC 10-311] analyzing module pe_mac_65
INFO: [VRFC 10-311] analyzing module pe_mac_66
INFO: [VRFC 10-311] analyzing module pe_mac_67
INFO: [VRFC 10-311] analyzing module pe_mac_68
INFO: [VRFC 10-311] analyzing module pe_mac_69
INFO: [VRFC 10-311] analyzing module pe_mac_7
INFO: [VRFC 10-311] analyzing module pe_mac_70
INFO: [VRFC 10-311] analyzing module pe_mac_71
INFO: [VRFC 10-311] analyzing module pe_mac_72
INFO: [VRFC 10-311] analyzing module pe_mac_73
INFO: [VRFC 10-311] analyzing module pe_mac_74
INFO: [VRFC 10-311] analyzing module pe_mac_75
INFO: [VRFC 10-311] analyzing module pe_mac_76
INFO: [VRFC 10-311] analyzing module pe_mac_77
INFO: [VRFC 10-311] analyzing module pe_mac_78
INFO: [VRFC 10-311] analyzing module pe_mac_79
INFO: [VRFC 10-311] analyzing module pe_mac_8
INFO: [VRFC 10-311] analyzing module pe_mac_80
INFO: [VRFC 10-311] analyzing module pe_mac_81
INFO: [VRFC 10-311] analyzing module pe_mac_82
INFO: [VRFC 10-311] analyzing module pe_mac_83
INFO: [VRFC 10-311] analyzing module pe_mac_84
INFO: [VRFC 10-311] analyzing module pe_mac_85
INFO: [VRFC 10-311] analyzing module pe_mac_86
INFO: [VRFC 10-311] analyzing module pe_mac_87
INFO: [VRFC 10-311] analyzing module pe_mac_88
INFO: [VRFC 10-311] analyzing module pe_mac_89
INFO: [VRFC 10-311] analyzing module pe_mac_9
INFO: [VRFC 10-311] analyzing module pe_mac_90
INFO: [VRFC 10-311] analyzing module pe_mac_91
INFO: [VRFC 10-311] analyzing module pe_mac_92
INFO: [VRFC 10-311] analyzing module pe_mac_93
INFO: [VRFC 10-311] analyzing module pe_mac_94
INFO: [VRFC 10-311] analyzing module pe_mac_95
INFO: [VRFC 10-311] analyzing module pe_mac_96
INFO: [VRFC 10-311] analyzing module pe_mac_97
INFO: [VRFC 10-311] analyzing module pe_mac_98
INFO: [VRFC 10-311] analyzing module pe_mac_99
INFO: [VRFC 10-311] analyzing module top_accelerator
INFO: [VRFC 10-311] analyzing module uart_rx
INFO: [VRFC 10-311] analyzing module glbl
INFO: [VRFC 10-2263] Analyzing Verilog file "C:/Users/Sach/FPGA_PROJ/EDGE_AI_HACKATHON/EDGE_AI_HACKATHON.srcs/sim_1/new/tb_basys3_top.v" into library xil_defaultlib
INFO: [VRFC 10-311] analyzing module tb_basys3_top
