Vivado Simulator v2024.1
Copyright 1986-2022 Xilinx, Inc. All Rights Reserved.
Copyright 2022-2024 Advanced Micro Devices, Inc. All Rights Reserved.
Running: D:/VIVADO/Vivado/2024.1/bin/unwrapped/win64.o/xelab.exe --incr --debug typical --relax --mt 2 -L xil_defaultlib -L unisims_ver -L unimacro_ver -L secureip --snapshot tb_full_behav xil_defaultlib.tb_full xil_defaultlib.glbl -log elaborate.log 
Using 2 slave threads.
Starting static elaboration
Pass Through NonSizing Optimizer
Completed static elaboration
Starting simulation data flow analysis
Completed simulation data flow analysis
Time Resolution for simulation is 1ps
Compiling module xil_defaultlib.rom_memory(FILE_NAME="conv_weigh...
Compiling module xil_defaultlib.controller_fsm
Compiling module xil_defaultlib.pe_mac
Compiling module xil_defaultlib.conv1d_engine_default
Compiling module xil_defaultlib.relu
Compiling module xil_defaultlib.max_pool
Compiling module xil_defaultlib.classifier
Compiling module xil_defaultlib.top_accelerator
Compiling module xil_defaultlib.tb_full
Compiling module xil_defaultlib.glbl
Built simulation snapshot tb_full_behav
