Copyright 1986-2022 Xilinx, Inc. All Rights Reserved. Copyright 2022-2024 Advanced Micro Devices, Inc. All Rights Reserved.
---------------------------------------------------------------------------------------------------------------------------------------------
| Tool Version : Vivado v.2024.1 (win64) Build 5076996 Wed May 22 18:37:14 MDT 2024
| Date         : Mon Jul 14 06:03:54 2025
| Host         : LAPTOP-UNFD3OUG running 64-bit major release  (build 9200)
| Command      : report_control_sets -verbose -file tp_control_sets_placed.rpt
| Design       : tp
| Device       : xc7a35t
---------------------------------------------------------------------------------------------------------------------------------------------

Control Set Information

Table of Contents
-----------------
1. Summary
2. Histogram
3. Flip-Flop Distribution
4. Detailed Control Set Information

1. Summary
----------

+----------------------------------------------------------+-------+
|                          Status                          | Count |
+----------------------------------------------------------+-------+
| Total control sets                                       |     6 |
|    Minimum number of control sets                        |     6 |
|    Addition due to synthesis replication                 |     0 |
|    Addition due to physical synthesis replication        |     0 |
| Unused register locations in slices containing registers |    29 |
+----------------------------------------------------------+-------+
* Control sets can be merged at opt_design using control_set_merge or merge_equivalent_drivers
** Run report_qor_suggestions for automated merging and remapping suggestions


2. Histogram
------------

+--------------------+-------+
|       Fanout       | Count |
+--------------------+-------+
| Total control sets |     6 |
| >= 0 to < 4        |     1 |
| >= 4 to < 6        |     2 |
| >= 6 to < 8        |     0 |
| >= 8 to < 10       |     0 |
| >= 10 to < 12      |     2 |
| >= 12 to < 14      |     0 |
| >= 14 to < 16      |     0 |
| >= 16              |     1 |
+--------------------+-------+
* Control sets can be remapped at either synth_design or opt_design


3. Flip-Flop Distribution
-------------------------

+--------------+-----------------------+------------------------+-----------------+--------------+
| Clock Enable | Synchronous Set/Reset | Asynchronous Set/Reset | Total Registers | Total Slices |
+--------------+-----------------------+------------------------+-----------------+--------------+
| No           | No                    | No                     |               2 |            1 |
| No           | No                    | Yes                    |               0 |            0 |
| No           | Yes                   | No                     |              55 |           16 |
| Yes          | No                    | No                     |               0 |            0 |
| Yes          | No                    | Yes                    |               0 |            0 |
| Yes          | Yes                   | No                     |              10 |            4 |
+--------------+-----------------------+------------------------+-----------------+--------------+


4. Detailed Control Set Information
-----------------------------------

+----------------+---------------+-------------------------+------------------+----------------+--------------+
|  Clock Signal  | Enable Signal |     Set/Reset Signal    | Slice Load Count | Bel Load Count | Bels / Slice |
+----------------+---------------+-------------------------+------------------+----------------+--------------+
|  clk_IBUF_BUFG |               |                         |                1 |              2 |         2.00 |
|  vga_clk_BUFG  |               | vga0/pixel_x_reg[9]_0   |                2 |              4 |         2.00 |
|  vga_clk_BUFG  |               | vga0/pixel_y_reg[9]_0   |                2 |              4 |         2.00 |
|  vga_clk_BUFG  |               | vga0/pixel_x[9]_i_1_n_0 |                3 |             10 |         3.33 |
|  vga_clk_BUFG  | vga0/pixel_y  | reset_IBUF              |                4 |             10 |         2.50 |
|  vga_clk_BUFG  |               | reset_IBUF              |                9 |             37 |         4.11 |
+----------------+---------------+-------------------------+------------------+----------------+--------------+


